Compiled jquery.js  (18ms)  (pid 24576)
Compiled jquery_ujs.js  (0ms)  (pid 24576)
Compiled bootstrap-transition.js  (0ms)  (pid 24576)
Compiled bootstrap-alert.js  (0ms)  (pid 24576)
Compiled bootstrap-button.js  (0ms)  (pid 24576)
Compiled bootstrap-carousel.js  (0ms)  (pid 24576)
Compiled bootstrap-collapse.js  (0ms)  (pid 24576)
Compiled bootstrap-dropdown.js  (0ms)  (pid 24576)
Compiled bootstrap-modal.js  (0ms)  (pid 24576)
Compiled bootstrap-scrollspy.js  (0ms)  (pid 24576)
Compiled bootstrap-tab.js  (0ms)  (pid 24576)
Compiled bootstrap-tooltip.js  (0ms)  (pid 24576)
Compiled bootstrap-popover.js  (0ms)  (pid 24576)
Compiled bootstrap-typeahead.js  (0ms)  (pid 24576)
Compiled bootstrap.js  (208ms)  (pid 24576)
Compiled pages.js  (0ms)  (pid 24576)
Compiled application.js  (481ms)  (pid 24576)
Compiled bootstrap_and_overrides.css  (1504ms)  (pid 24576)
Compiled pages.css  (10ms)  (pid 24576)
Compiled application.css  (1657ms)  (pid 24576)
Compiled jquery.js  (17ms)  (pid 24576)
Compiled jquery_ujs.js  (0ms)  (pid 24576)
Compiled bootstrap-transition.js  (0ms)  (pid 24576)
Compiled bootstrap-alert.js  (0ms)  (pid 24576)
Compiled bootstrap-button.js  (0ms)  (pid 24576)
Compiled bootstrap-carousel.js  (0ms)  (pid 24576)
Compiled bootstrap-collapse.js  (0ms)  (pid 24576)
Compiled bootstrap-dropdown.js  (0ms)  (pid 24576)
Compiled bootstrap-modal.js  (0ms)  (pid 24576)
Compiled bootstrap-scrollspy.js  (0ms)  (pid 24576)
Compiled bootstrap-tab.js  (0ms)  (pid 24576)
Compiled bootstrap-tooltip.js  (0ms)  (pid 24576)
Compiled bootstrap-popover.js  (0ms)  (pid 24576)
Compiled bootstrap-typeahead.js  (0ms)  (pid 24576)
Compiled bootstrap.js  (168ms)  (pid 24576)
Compiled pages.js  (0ms)  (pid 24576)
Compiled application.js  (213ms)  (pid 24576)
Compiled bootstrap_and_overrides.css  (1204ms)  (pid 24576)
Compiled pages.css  (8ms)  (pid 24576)
Compiled application.css  (1284ms)  (pid 24576)
Compiled jquery.js  (3ms)  (pid 25010)
Compiled jquery_ujs.js  (0ms)  (pid 25010)
Compiled bootstrap-transition.js  (0ms)  (pid 25010)
Compiled bootstrap-alert.js  (0ms)  (pid 25010)
Compiled bootstrap-button.js  (0ms)  (pid 25010)
Compiled bootstrap-carousel.js  (0ms)  (pid 25010)
Compiled bootstrap-collapse.js  (0ms)  (pid 25010)
Compiled bootstrap-dropdown.js  (0ms)  (pid 25010)
Compiled bootstrap-modal.js  (0ms)  (pid 25010)
Compiled bootstrap-scrollspy.js  (0ms)  (pid 25010)
Compiled bootstrap-tab.js  (0ms)  (pid 25010)
Compiled bootstrap-tooltip.js  (0ms)  (pid 25010)
Compiled bootstrap-popover.js  (0ms)  (pid 25010)
Compiled bootstrap-typeahead.js  (0ms)  (pid 25010)
Compiled bootstrap.js  (81ms)  (pid 25010)
Compiled pages.js  (0ms)  (pid 25010)
Compiled application.js  (192ms)  (pid 25010)
Compiled bootstrap_and_overrides.css  (1325ms)  (pid 25010)
Compiled pages.css  (6ms)  (pid 25010)
Compiled application.css  (1391ms)  (pid 25010)
Compiled jquery.js  (16ms)  (pid 25010)
Compiled jquery_ujs.js  (0ms)  (pid 25010)
Compiled bootstrap-transition.js  (0ms)  (pid 25010)
Compiled bootstrap-alert.js  (0ms)  (pid 25010)
Compiled bootstrap-button.js  (0ms)  (pid 25010)
Compiled bootstrap-carousel.js  (0ms)  (pid 25010)
Compiled bootstrap-collapse.js  (0ms)  (pid 25010)
Compiled bootstrap-dropdown.js  (0ms)  (pid 25010)
Compiled bootstrap-modal.js  (0ms)  (pid 25010)
Compiled bootstrap-scrollspy.js  (0ms)  (pid 25010)
Compiled bootstrap-tab.js  (0ms)  (pid 25010)
Compiled bootstrap-tooltip.js  (0ms)  (pid 25010)
Compiled bootstrap-popover.js  (0ms)  (pid 25010)
Compiled bootstrap-typeahead.js  (0ms)  (pid 25010)
Compiled bootstrap.js  (73ms)  (pid 25010)
Compiled pages.js  (0ms)  (pid 25010)
Compiled application.js  (109ms)  (pid 25010)
Compiled bootstrap_and_overrides.css  (1232ms)  (pid 25010)
Compiled pages.css  (6ms)  (pid 25010)
Compiled application.css  (1270ms)  (pid 25010)
